[礼物]  : 礼物 x1 (钻石:2, repeatEnd=true)
[礼物]  : 礼物 x1 (钻石:99, repeatEnd=true)
[礼物]  : 礼物 x1 (钻石:52, repeatEnd=true)
[礼物]  : 礼物 x1 (钻石:1, repeatEnd=true)
[礼物]  : 礼物 x1 (钻石:99, repeatEnd=true)
[礼物]  : 礼物 x1 (钻石:52, repeatEnd=true)
[礼物]  : 礼物 x1 (钻石:1, repeatEnd=true)
[礼物]  : 礼物 x1 (钻石:99, repeatEnd=true)
[礼物]  : 礼物 x1 (钻石:99, repeatEnd=true)
[礼物]  : 礼物 x3 (钻石:897, repeatEnd=true)
[礼物]  : 礼物 x3 (钻石:897, repeatEnd=true)
[礼物]  : 礼物 x1 (钻石:1, repeatEnd=true)
[礼物]  : 礼物 x1 (钻石:1, repeatEnd=true)
[礼物]  :  x1 (钻石:0, repeatEnd=false)
[礼物]  :  x1 (钻石:0, repeatEnd=false)
[礼物]  : 礼物 x1 (钻石:1, repeatEnd=true)
[礼物]  : 礼物 x1 (钻石:1, repeatEnd=true)
[礼物]  : 礼物 x1 (钻石:1, repeatEnd=true)
[礼物] 八妹妹开播号12.8分 : 八妹妹开播号12.8分 刚刚升级至【☀️铁锤爱跑调...】粉丝团 Lv6 x1 (钻石:0, repeatEnd=true)
[礼物] 波波妈 : 粉丝团灯牌 x1 (钻石:0, repeatEnd=true)
[礼物] 越来越好 : 恭喜 越来越好 成为第328111名个锤子成员 x1 (钻石:0, repeatEnd=true)
[礼物] 🐰川妹小号晚上8点10分开播 : 粉丝团灯牌 x1 (钻石:0, repeatEnd=true)
[礼物] 金姐🎤21点10分直播 : 粉丝团灯牌 x1 (钻石:0, repeatEnd=true)
[礼物] ☀️总在风雨后 : 粉丝团灯牌 x1 (钻石:0, repeatEnd=true)
[礼物] 用户8365056998370 : 粉丝团灯牌 x1 (钻石:0, repeatEnd=true)
[礼物] 酒醉人不归 : 粉丝团灯牌 x1 (钻石:0, repeatEnd=true)
[礼物] 遇见不分早晚 : 粉丝团灯牌 x1 (钻石:0, repeatEnd=true)
[礼物] 开心一家 : 粉丝团灯牌 x1 (钻石:0, repeatEnd=true)
[礼物] 用户8978418282668 : 粉丝团灯牌 x1 (钻石:0, repeatEnd=true)
[礼物] ☀️🍊☀️回忆✨🐶 : 粉丝团灯牌 x1 (钻石:0, repeatEnd=true)
[礼物] 用户345464958 : 粉丝团灯牌 x1 (钻石:0, repeatEnd=true)
[礼物] 平~少 : 粉丝团灯牌 x1 (钻石:0, repeatEnd=true)
[礼物] 锅锅平 : 粉丝团灯牌 x1 (钻石:0, repeatEnd=true)
[礼物] lhqlh : 粉丝团灯牌 x1 (钻石:0, repeatEnd=true)
[礼物] 橘子 : 恭喜 橘子 成为第328112名个锤子成员 x1 (钻石:0, repeatEnd=true)
[礼物] 加多宝 : 恭喜 加多宝 成为第328113名个锤子成员 x1 (钻石:0, repeatEnd=true)
[礼物] 李瑞听你的 : 恭喜 李瑞听你的 成为第328112名个锤子成员 x1 (钻石:0, repeatEnd=true)
[礼物] 用户5905823974831 : 粉丝团灯牌 x1 (钻石:0, repeatEnd=true)
[礼物] 哈密瓜2 : 恭喜 哈密瓜2 成为第328114名个锤子成员 x1 (钻石:0, repeatEnd=true)
[礼物] 客家妹手工 : 恭喜 客家妹手工 成为第328116名个锤子成员 x1 (钻石:0, repeatEnd=true)
[礼物] 零度天气看风景 : 粉丝团灯牌 x1 (钻石:0, repeatEnd=true)
[礼物] 缘 : 粉丝团灯牌 x1 (钻石:0, repeatEnd=true)
[礼物] 武6535 : 粉丝团灯牌 x1 (钻石:0, repeatEnd=true)
[礼物] 🌈漓&歌🌴 : 恭喜 🌈漓&歌🌴 成为第328117名个锤子成员 x1 (钻石:0, repeatEnd=true)
[礼物] 冬雪暖阳 : 粉丝团灯牌 x1 (钻石:0, repeatEnd=true)
[礼物] 术 : 粉丝团灯牌 x1 (钻石:0, repeatEnd=true)
[礼物] 小郭的北漂生活 : 恭喜 小郭的北漂生活 成为第328118名个锤子成员 x1 (钻石:0, repeatEnd=true)
[礼物] 董3 : 恭喜 董3 成为第328119名个锤子成员 x1 (钻石:0, repeatEnd=true)
[礼物] 暄悦 : 粉丝团灯牌 x1 (钻石:0, repeatEnd=true)
[礼物] 小菲菲 : 恭喜 小菲菲 成为第328120名个锤子成员 x1 (钻石:0, repeatEnd=true)
[礼物] 看看*^_^* : 粉丝团灯牌 x1 (钻石:0, repeatEnd=true)
[礼物] 💫  夜星辰  💫 : 粉丝团灯牌 x1 (钻石:0, repeatEnd=true)
[礼物] ༺﷽ℳ凡࿐᭱星ོ﷽༻ : 粉丝团灯牌 x1 (钻石:0, repeatEnd=true)
[礼物] 等待二月的风 : 粉丝团灯牌 x1 (钻石:0, repeatEnd=true)
[礼物] 茫茫人海 : 粉丝团灯牌 x1 (钻石:0, repeatEnd=true)
[礼物] karon1314 : 粉丝团灯牌 x1 (钻石:0, repeatEnd=true)
[礼物] 懒懒！ : 粉丝团灯牌 x1 (钻石:0, repeatEnd=true)
[礼物] ✨到我碗里来✨ : 粉丝团灯牌 x1 (钻石:0, repeatEnd=true)
[礼物] 月☀️ : 粉丝团灯牌 x1 (钻石:0, repeatEnd=true)
[礼物] WFM～梅 : 粉丝团灯牌 x1 (钻石:0, repeatEnd=true)
[礼物] 桃子， : 恭喜 桃子， 成为第328121名个锤子成员 x1 (钻石:0, repeatEnd=true)
[礼物] 🌈MYN🌈 : 恭喜 🌈MYN🌈 成为第328122名个锤子成员 x1 (钻石:0, repeatEnd=true)
[礼物] 雾蒙关山雾蒙风 : 粉丝团灯牌 x1 (钻石:0, repeatEnd=true)
[礼物] .,    ！ : 粉丝团灯牌 x1 (钻石:0, repeatEnd=true)
[礼物] 花海 : 恭喜 花海 成为第328123名个锤子成员 x1 (钻石:0, repeatEnd=true)
[礼物] 英 : 粉丝团灯牌 x1 (钻石:0, repeatEnd=true)
[礼物] 好运来旺火 : 粉丝团灯牌 x1 (钻石:0, repeatEnd=true)
[礼物] 腾笼换只鸟 : 粉丝团灯牌 x1 (钻石:0, repeatEnd=true)
[礼物] 梦云 : 粉丝团灯牌 x1 (钻石:0, repeatEnd=true)
[礼物] 机会给有准备的人 : 粉丝团灯牌 x1 (钻石:0, repeatEnd=true)
[礼物] 正能量，农村六哥 : 粉丝团灯牌 x1 (钻石:0, repeatEnd=true)
[礼物] 峰哥在线 : 粉丝团灯牌 x1 (钻石:0, repeatEnd=true)
[礼物] 陶大厨牛角尖建材店官方号 : 粉丝团灯牌 x1 (钻石:0, repeatEnd=true)
[礼物] 金升 : 粉丝团灯牌 x1 (钻石:0, repeatEnd=true)
[礼物] 忘塵 : 粉丝团灯牌 x1 (钻石:0, repeatEnd=true)
[礼物] 叶子 : 粉丝团灯牌 x1 (钻石:0, repeatEnd=true)
[礼物] 用户5100375741044 : 粉丝团灯牌 x1 (钻石:0, repeatEnd=true)
[礼物] dy9yxorjmavy : 粉丝团灯牌 x1 (钻石:0, repeatEnd=true)
[礼物] 星光灿烂 : 粉丝团灯牌 x1 (钻石:0, repeatEnd=true)
[礼物] 追风 : 恭喜 追风 成为第328124名个锤子成员 x1 (钻石:0, repeatEnd=true)
[礼物] 人生路漫漫💝化风行万里 : 粉丝团灯牌 x1 (钻石:0, repeatEnd=true)
[礼物] 2816323827491  旭升 : 粉丝团灯牌 x1 (钻石:0, repeatEnd=true)
[礼物] @💰舒洋 : 粉丝团灯牌 x1 (钻石:0, repeatEnd=true)
[礼物] 于无声处 : 粉丝团灯牌 x1 (钻石:0, repeatEnd=true)
[礼物] 时光不停留 : 粉丝团灯牌 x1 (钻石:0, repeatEnd=true)
[礼物] ✨ℒᎭℯ⃝小歡喜꧔ꦿ᭄࿐ᩚ : 粉丝团灯牌 x1 (钻石:0, repeatEnd=true)
[礼物] 孤身闯天涯 : 粉丝团灯牌 x1 (钻石:0, repeatEnd=true)
[礼物] 满城灯火 : 恭喜 满城灯火 成为第328125名个锤子成员 x1 (钻石:0, repeatEnd=true)
[礼物] 没你好 : 粉丝团灯牌 x1 (钻石:0, repeatEnd=true)
[礼物] 长久的春天 : 粉丝团灯牌 x1 (钻石:0, repeatEnd=true)
[礼物] 大姐大 : 粉丝团灯牌 x1 (钻石:0, repeatEnd=true)
[礼物] 小豆土 : 粉丝团灯牌 x1 (钻石:0, repeatEnd=true)
[礼物] 努力少年 : 粉丝团灯牌 x1 (钻石:0, repeatEnd=true)
[礼物] 蜡笔小猪🐷 : 粉丝团灯牌 x1 (钻石:0, repeatEnd=true)
[礼物] 阳光 : 粉丝团灯牌 x1 (钻石:0, repeatEnd=true)
[礼物] 不发胖只发财 : 粉丝团灯牌 x1 (钻石:0, repeatEnd=true)
[礼物] 旺旺 : 粉丝团灯牌 x1 (钻石:0, repeatEnd=true)
[礼物] 仙气飘飘的女子 : 粉丝团灯牌 x1 (钻石:0, repeatEnd=true)
[礼物] 美好的爱情❤ : 粉丝团灯牌 x1 (钻石:0, repeatEnd=true)
[礼物] ❄️皮刚 : 粉丝团灯牌 x1 (钻石:0, repeatEnd=true)
[礼物] 玫瑰花 : 粉丝团灯牌 x1 (钻石:0, repeatEnd=true)
[礼物] 小糖豆 : 粉丝团灯牌 x1 (钻石:0, repeatEnd=true)
[礼物] 懒猫 : 粉丝团灯牌 x1 (钻石:0, repeatEnd=true)
[礼物] 💘永远💝记住💜 : 粉丝团灯牌 x1 (钻石:0, repeatEnd=true)
[礼物] 夜游者 : 粉丝团灯牌 x1 (钻石:0, repeatEnd=true)
[礼物] 田润鑫 : 田润鑫 刚刚升级至【☀️铁锤爱跑调...】粉丝团 Lv7 x1 (钻石:0, repeatEnd=true)
[礼物] 黄长建 : 粉丝团灯牌 x1 (钻石:0, repeatEnd=true)
[礼物] 聊闲 : 粉丝团灯牌 x1 (钻石:0, repeatEnd=true)
[礼物] δ蓉光几许ξ : 粉丝团灯牌 x1 (钻石:0, repeatEnd=true)
[礼物] 凡之一 : 恭喜 凡之一 成为第328125名个锤子成员 x1 (钻石:0, repeatEnd=true)
[礼物] 山外小楼夜听雨（路过贵阳被罚50元 ） : 粉丝团灯牌 x1 (钻石:0, repeatEnd=true)
[礼物] 小地瓜💕 : 恭喜 小地瓜💕 成为第328127名个锤子成员 x1 (钻石:0, repeatEnd=true)
[礼物] 吉祥如意@ : 粉丝团灯牌 x1 (钻石:0, repeatEnd=true)
[礼物] 三仟金 : 恭喜 三仟金 成为第328127名个锤子成员 x1 (钻石:0, repeatEnd=true)
[礼物] 南屋里 : 南屋里 刚刚升级至【☀️铁锤爱跑调...】粉丝团 Lv8 x1 (钻石:0, repeatEnd=true)
[礼物] 萍 : 粉丝团灯牌 x1 (钻石:0, repeatEnd=true)
[礼物] 胡波 : 粉丝团灯牌 x1 (钻石:0, repeatEnd=true)
[礼物] chen : 粉丝团灯牌 x1 (钻石:0, repeatEnd=true)
[礼物] ffmm16888 : 粉丝团灯牌 x1 (钻石:0, repeatEnd=true)
[礼物] 五哥 : 粉丝团灯牌 x1 (钻石:0, repeatEnd=true)
[礼物] 虎wei : 粉丝团灯牌 x1 (钻石:0, repeatEnd=true)
[礼物] 方能致远 : 粉丝团灯牌 x1 (钻石:0, repeatEnd=true)
[礼物] 9L : 粉丝团灯牌 x1 (钻石:0, repeatEnd=true)
[礼物] 🌙🌕 : 粉丝团灯牌 x1 (钻石:0, repeatEnd=true)
[礼物] 用户2302920771748 : 粉丝团灯牌 x1 (钻石:0, repeatEnd=true)
[礼物] 张总（交友） : 恭喜 张总（交友） 成为第328128名个锤子成员 x1 (钻石:0, repeatEnd=true)
[礼物] 唯一 : 粉丝团灯牌 x1 (钻石:0, repeatEnd=true)
[礼物] 小哇1 : 粉丝团灯牌 x1 (钻石:0, repeatEnd=true)
[礼物] 二五八五杠 : 粉丝团灯牌 x1 (钻石:0, repeatEnd=true)
[礼物] 小涵涵 : 粉丝团灯牌 x1 (钻石:0, repeatEnd=true)
[礼物] 下雨天怎么办 : 粉丝团灯牌 x1 (钻石:0, repeatEnd=true)
[礼物] 合作聚财 : 粉丝团灯牌 x1 (钻石:0, repeatEnd=true)
[礼物] 二五八五杠 : 粉丝团灯牌 x1 (钻石:0, repeatEnd=true)
[礼物] 小涵涵 : 粉丝团灯牌 x1 (钻石:0, repeatEnd=true)
[礼物] 下雨天怎么办 : 粉丝团灯牌 x1 (钻石:0, repeatEnd=true)
[礼物] 合作聚财 : 粉丝团灯牌 x1 (钻石:0, repeatEnd=true)
[礼物] 酒斤 : 粉丝团灯牌 x1 (钻石:0, repeatEnd=true)
[礼物] 酒斤 : 粉丝团灯牌 x1 (钻石:0, repeatEnd=true)
[礼物] 知足者，常乐 : 粉丝团灯牌 x1 (钻石:0, repeatEnd=true)
[礼物] 饕餮之夜 : 粉丝团灯牌 x1 (钻石:0, repeatEnd=true)
[礼物] 知足者，常乐 : 粉丝团灯牌 x1 (钻石:0, repeatEnd=true)
[礼物] 饕餮之夜 : 粉丝团灯牌 x1 (钻石:0, repeatEnd=true)
[礼物] 620 : 粉丝团灯牌 x1 (钻石:0, repeatEnd=true)
[礼物] 620 : 粉丝团灯牌 x1 (钻石:0, repeatEnd=true)
[礼物] 漂 : 粉丝团灯牌 x1 (钻石:0, repeatEnd=true)
[礼物] 雨后阳光 : 粉丝团灯牌 x1 (钻石:0, repeatEnd=true)
[礼物] 漂 : 粉丝团灯牌 x1 (钻石:0, repeatEnd=true)
[礼物] 雨后阳光 : 粉丝团灯牌 x1 (钻石:0, repeatEnd=true)
[礼物] 吖春天看菜花 : 粉丝团灯牌 x1 (钻石:0, repeatEnd=true)
[礼物] 吖春天看菜花 : 粉丝团灯牌 x1 (钻石:0, repeatEnd=true)
[礼物] 远处 : 恭喜 远处 成为第328129名个锤子成员 x1 (钻石:0, repeatEnd=true)
[礼物] 远处 : 恭喜 远处 成为第328129名个锤子成员 x1 (钻石:0, repeatEnd=true)
[礼物] 梦里啥都有 : 恭喜 梦里啥都有 成为第328130名个锤子成员 x1 (钻石:0, repeatEnd=true)
[礼物] 梦里啥都有 : 恭喜 梦里啥都有 成为第328130名个锤子成员 x1 (钻石:0, repeatEnd=true)
[礼物] 好嘞好嘞 : 恭喜 好嘞好嘞 成为第328131名个锤子成员 x1 (钻石:0, repeatEnd=true)
[礼物] 好嘞好嘞 : 恭喜 好嘞好嘞 成为第328131名个锤子成员 x1 (钻石:0, repeatEnd=true)
[礼物] 笑看风云 : 粉丝团灯牌 x1 (钻石:0, repeatEnd=true)
[礼物] 笑看风云 : 粉丝团灯牌 x1 (钻石:0, repeatEnd=true)
[礼物] 美男子少颗牙 : 粉丝团灯牌 x1 (钻石:0, repeatEnd=true)
[礼物] 美男子少颗牙 : 粉丝团灯牌 x1 (钻石:0, repeatEnd=true)
[礼物] 飞翔 : 粉丝团灯牌 x1 (钻石:0, repeatEnd=true)
[礼物] 飞翔 : 粉丝团灯牌 x1 (钻石:0, repeatEnd=true)
[礼物] 快到碗里 : 恭喜 快到碗里 成为第328133名个锤子成员 x1 (钻石:0, repeatEnd=true)
[礼物] 快到碗里 : 恭喜 快到碗里 成为第328133名个锤子成员 x1 (钻石:0, repeatEnd=true)
[礼物] ꧁꫞꯭天外天楼外楼⓪ ⓻ ⓵ ⓼ ꫞꧂ : 粉丝团灯牌 x1 (钻石:0, repeatEnd=true)
[礼物] ꧁꫞꯭天外天楼外楼⓪ ⓻ ⓵ ⓼ ꫞꧂ : 粉丝团灯牌 x1 (钻石:0, repeatEnd=true)
[礼物] 束自星星的你 : 粉丝团灯牌 x1 (钻石:0, repeatEnd=true)
[礼物] 束自星星的你 : 粉丝团灯牌 x1 (钻石:0, repeatEnd=true)
[礼物] 熊猫人.凌逵铭 : 恭喜 熊猫人.凌逵铭 成为第328134名个锤子成员 x1 (钻石:0, repeatEnd=true)
[礼物] 熊猫人.凌逵铭 : 恭喜 熊猫人.凌逵铭 成为第328134名个锤子成员 x1 (钻石:0, repeatEnd=true)
[礼物] 懒懒～ : 恭喜 懒懒～ 成为第328134名个锤子成员 x1 (钻石:0, repeatEnd=true)
[礼物] 懒懒～ : 恭喜 懒懒～ 成为第328134名个锤子成员 x1 (钻石:0, repeatEnd=true)
[礼物] 小伊伊 : 粉丝团灯牌 x1 (钻石:0, repeatEnd=true)
[礼物] 小伊伊 : 粉丝团灯牌 x1 (钻石:0, repeatEnd=true)
[礼物] 心中有爱。毛正平七九单身 : 恭喜 心中有爱。毛正平七九单身 成为第328135名个锤子成员 x1 (钻石:0, repeatEnd=true)
[礼物] 心中有爱。毛正平七九单身 : 恭喜 心中有爱。毛正平七九单身 成为第328135名个锤子成员 x1 (钻石:0, repeatEnd=true)
[礼物] 菊3 : 恭喜 菊3 成为第328136名个锤子成员 x1 (钻石:0, repeatEnd=true)
[礼物] 菊3 : 恭喜 菊3 成为第328136名个锤子成员 x1 (钻石:0, repeatEnd=true)
[礼物] 才能走 : 粉丝团灯牌 x1 (钻石:0, repeatEnd=true)
[礼物] 才能走 : 粉丝团灯牌 x1 (钻石:0, repeatEnd=true)
[礼物] 查理斯32-1-1 : 粉丝团灯牌 x1 (钻石:0, repeatEnd=true)
[礼物] 查理斯32-1-1 : 粉丝团灯牌 x1 (钻石:0, repeatEnd=true)
[礼物] 用户7322757158399 : 恭喜 用户7322757158399 成为第328138名个锤子成员 x1 (钻石:0, repeatEnd=true)
[礼物] 用户7322757158399 : 恭喜 用户7322757158399 成为第328138名个锤子成员 x1 (钻石:0, repeatEnd=true)
[礼物] 牛马的活 : 恭喜 牛马的活 成为第328139名个锤子成员 x1 (钻石:0, repeatEnd=true)
[礼物] 牛马的活 : 恭喜 牛马的活 成为第328139名个锤子成员 x1 (钻石:0, repeatEnd=true)
[礼物] 碧萱甄选百货 : 恭喜 碧萱甄选百货 成为第328139名个锤子成员 x1 (钻石:0, repeatEnd=true)
[礼物] 碧萱甄选百货 : 恭喜 碧萱甄选百货 成为第328139名个锤子成员 x1 (钻石:0, repeatEnd=true)
[礼物] 甜酸苦辣36-1-1 : 恭喜 甜酸苦辣36-1-1 成为第328140名个锤子成员 x1 (钻石:0, repeatEnd=true)
[礼物] 甜酸苦辣36-1-1 : 恭喜 甜酸苦辣36-1-1 成为第328140名个锤子成员 x1 (钻石:0, repeatEnd=true)
[礼物] 和29 : 恭喜 和29 成为第328141名个锤子成员 x1 (钻石:0, repeatEnd=true)
[礼物] 和29 : 恭喜 和29 成为第328141名个锤子成员 x1 (钻石:0, repeatEnd=true)
[礼物] 吃饺子 : 粉丝团灯牌 x1 (钻石:0, repeatEnd=true)
[礼物] 吃饺子 : 粉丝团灯牌 x1 (钻石:0, repeatEnd=true)
[礼物] 越江 : 恭喜 越江 成为第328142名个锤子成员 x1 (钻石:0, repeatEnd=true)
[礼物] 越江 : 恭喜 越江 成为第328142名个锤子成员 x1 (钻石:0, repeatEnd=true)
[礼物] ᝰ炫尊〤 : 恭喜 ᝰ炫尊〤 成为第328143名个锤子成员 x1 (钻石:0, repeatEnd=true)
[礼物] ᝰ炫尊〤 : 恭喜 ᝰ炫尊〤 成为第328143名个锤子成员 x1 (钻石:0, repeatEnd=true)
[礼物] 兵兵 : 粉丝团灯牌 x1 (钻石:0, repeatEnd=true)
[礼物] 青松不老 : 恭喜 青松不老 成为第328147名个锤子成员 x1 (钻石:0, repeatEnd=true)
[礼物] 兵兵 : 粉丝团灯牌 x1 (钻石:0, repeatEnd=true)
[礼物] 青松不老 : 恭喜 青松不老 成为第328147名个锤子成员 x1 (钻石:0, repeatEnd=true)
[礼物] 心态至上 : 粉丝团灯牌 x1 (钻石:0, repeatEnd=true)
[礼物] 心态至上 : 粉丝团灯牌 x1 (钻石:0, repeatEnd=true)
[礼物] 每天都是小开心 : 粉丝团灯牌 x1 (钻石:0, repeatEnd=true)
[礼物] 每天都是小开心 : 粉丝团灯牌 x1 (钻石:0, repeatEnd=true)
[礼物] 伟宏 : 粉丝团灯牌 x1 (钻石:0, repeatEnd=true)
[礼物] 丽昊 : 粉丝团灯牌 x1 (钻石:0, repeatEnd=true)
[礼物] 小风 : 粉丝团灯牌 x1 (钻石:0, repeatEnd=true)
[礼物] 花瓣雨 : 粉丝团灯牌 x1 (钻石:0, repeatEnd=true)
[礼物] 用户2144831257731 : 粉丝团灯牌 x1 (钻石:0, repeatEnd=true)
[礼物] 玉林姐 : 粉丝团灯牌 x1 (钻石:0, repeatEnd=true)
[礼物] 戰五渣（一匹來自北方的狼） : 粉丝团灯牌 x1 (钻石:0, repeatEnd=true)
[礼物] 永远不变 : 恭喜 永远不变 成为第328149名个锤子成员 x1 (钻石:0, repeatEnd=true)
[礼物] 风流浪子 : 恭喜 风流浪子 成为第328150名个锤子成员 x1 (钻石:0, repeatEnd=true)
[礼物] S.G.H : 粉丝团灯牌 x1 (钻石:0, repeatEnd=true)
[礼物] 向日葵约定 : 恭喜 向日葵约定 成为第328151名个锤子成员 x1 (钻石:0, repeatEnd=true)
[礼物] 包子爱吃糖 : 粉丝团灯牌 x1 (钻石:0, repeatEnd=true)
[礼物] ①/ㄝ﹎簡單 : 粉丝团灯牌 x1 (钻石:0, repeatEnd=true)
[礼物] 天合 : 恭喜 天合 成为第328152名个锤子成员 x1 (钻石:0, repeatEnd=true)
[礼物] 浩渺V1.0 : 粉丝团灯牌 x1 (钻石:0, repeatEnd=true)
[礼物] 今天上课3-2 : 恭喜 今天上课3-2 成为第328153名个锤子成员 x1 (钻石:0, repeatEnd=true)
[礼物] 拾光如一 : 恭喜 拾光如一 成为第328154名个锤子成员 x1 (钻石:0, repeatEnd=true)
[礼物] 红41-3 : 恭喜 红41-3 成为第328156名个锤子成员 x1 (钻石:0, repeatEnd=true)
[礼物] 记住了吗 : 粉丝团灯牌 x1 (钻石:0, repeatEnd=true)
[礼物] 安宣好物优选 : 恭喜 安宣好物优选 成为第328157名个锤子成员 x1 (钻石:0, repeatEnd=true)
[礼物] 你们说我的名字够长吗？我自己也不知道 : 恭喜 你们说我的名字够长吗？我自己也不知道 成为第328158名个锤子成员 x1 (钻石:0, repeatEnd=true)
[礼物] 迷恋 : 恭喜 迷恋 成为第328159名个锤子成员 x1 (钻石:0, repeatEnd=true)
[礼物] 天机不可 : 恭喜 天机不可 成为第328160名个锤子成员 x1 (钻石:0, repeatEnd=true)
[礼物] 小纸条🎀⁰⁸¹¹ : 恭喜 小纸条🎀⁰⁸¹¹ 成为第328161名个锤子成员 x1 (钻石:0, repeatEnd=true)
[礼物] 渐灯鸣V6.0 : 粉丝团灯牌 x1 (钻石:0, repeatEnd=true)
[礼物] 静音乐 : 恭喜 静音乐 成为第328162名个锤子成员 x1 (钻石:0, repeatEnd=true)
[礼物] 瑶瑶10 : 恭喜 瑶瑶10 成为第328163名个锤子成员 x1 (钻石:0, repeatEnd=true)
[礼物] 爱哭了 : 恭喜 爱哭了 成为第328165名个锤子成员 x1 (钻石:0, repeatEnd=true)
[礼物] 静怡 : 恭喜 静怡 成为第328165名个锤子成员 x1 (钻石:0, repeatEnd=true)
[礼物] M G M : 你最好看 x1 (钻石:2, repeatEnd=true)
[礼物] M G M : 你最好看 x1 (钻石:2, repeatEnd=false)
[礼物] ♏️时光淡了回忆ᴳᵀ☞ : 粉丝团灯牌 x1 (钻石:1, repeatEnd=false)
[礼物] M G M : 你最好看 x1 (钻石:2, repeatEnd=true)
[礼物] 拾光如一 : 人气票 x1 (钻石:1, repeatEnd=false)
[礼物] 培 : 粉丝团灯牌 x1 (钻石:0, repeatEnd=true)
[礼物] 拾光如一 : 人气票 x1 (钻石:1, repeatEnd=true)
[礼物] ahe丶和 : 粉丝团灯牌 x1 (钻石:1, repeatEnd=false)
[礼物] 拾光如一 : 粉丝团灯牌 x1 (钻石:1, repeatEnd=false)
[礼物] 喜杨杨 : 人气票 x1 (钻石:1, repeatEnd=false)
[礼物] 那是 : 小心心 x1 (钻石:1, repeatEnd=false)
[礼物] 喜杨杨 : 人气票 x1 (钻石:1, repeatEnd=true)
[礼物] 那是 : 小心心 x1 (钻石:1, repeatEnd=true)
[礼物] 阿添2023 : 水晶戒指 x1 (钻石:899, repeatEnd=false)
[礼物] 阿添2023 : 水晶戒指 x2 (钻石:1798, repeatEnd=false)
[礼物] 郁金香🌷🌷 : 抖音 x1 (钻石:1, repeatEnd=false)
[礼物] 那是 : 小心心 x1 (钻石:1, repeatEnd=true)
[礼物] 郁金香🌷🌷 : 抖音 x1 (钻石:1, repeatEnd=true)
[礼物] 阿添2023 : 水晶戒指 x1 (钻石:899, repeatEnd=false)
[礼物] 阿添2023 : 水晶戒指 x2 (钻石:1798, repeatEnd=false)
[礼物] 郁金香🌷🌷 : 抖音 x1 (钻石:1, repeatEnd=false)
[礼物] 郁金香🌷🌷 : 抖音 x1 (钻石:1, repeatEnd=true)
[礼物] 天天向向上 : 小心心 x1 (钻石:1, repeatEnd=false)
[礼物] 天天向向上 : 小心心 x1 (钻石:1, repeatEnd=false)
[礼物] 天天向向上 : 小心心 x1 (钻石:1, repeatEnd=true)
[礼物] 天天向向上 : 小心心 x1 (钻石:1, repeatEnd=true)
[礼物] 青松雪月 : 粉丝团灯牌 x1 (钻石:0, repeatEnd=true)
[礼物] 青松雪月 : 粉丝团灯牌 x1 (钻石:0, repeatEnd=true)
[礼物] 苏福生 : 小心心 x1 (钻石:1, repeatEnd=false)
[礼物] 苏福生 : 小心心 x1 (钻石:1, repeatEnd=false)
[礼物] 苏福生 : 小心心 x1 (钻石:1, repeatEnd=true)
[礼物] 苏福生 : 小心心 x1 (钻石:1, repeatEnd=true)
[礼物] 偶遇了 : 小心心 x1 (钻石:1, repeatEnd=false)
[礼物] 偶遇了 : 小心心 x2 (钻石:2, repeatEnd=false)
[礼物] 偶遇了 : 小心心 x3 (钻石:3, repeatEnd=false)
[礼物] 偶遇了 : 小心心 x1 (钻石:1, repeatEnd=false)
[礼物] 偶遇了 : 小心心 x2 (钻石:2, repeatEnd=false)
[礼物] 偶遇了 : 小心心 x3 (钻石:3, repeatEnd=false)
[礼物] 偶遇了 : 小心心 x4 (钻石:4, repeatEnd=false)
[礼物] 偶遇了 : 小心心 x5 (钻石:5, repeatEnd=false)
[礼物] 偶遇了 : 小心心 x4 (钻石:4, repeatEnd=false)
[礼物] 偶遇了 : 小心心 x5 (钻石:5, repeatEnd=false)
[礼物] 偶遇了 : 小心心 x5 (钻石:5, repeatEnd=true)
[礼物] 偶遇了 : 小心心 x5 (钻石:5, repeatEnd=true)
[礼物] 凡人 : 点亮粉丝团 x1 (钻石:1, repeatEnd=false)
[礼物] 凡人 : 点亮粉丝团 x1 (钻石:1, repeatEnd=false)
[礼物] 凡人 : 粉丝团灯牌 x1 (钻石:1, repeatEnd=false)
[礼物] 凡人 : 点亮粉丝团 x1 (钻石:1, repeatEnd=true)
[礼物] 凡人 : 粉丝团灯牌 x1 (钻石:1, repeatEnd=false)
[礼物] 凡人 : 点亮粉丝团 x1 (钻石:1, repeatEnd=true)
[礼物] 等你等你_24956 : 粉丝团灯牌 x1 (钻石:1, repeatEnd=false)
[礼物] 等你等你_24956 : 粉丝团灯牌 x1 (钻石:1, repeatEnd=false)
[礼物] 浪漫主义4792 : 抖音 x1 (钻石:1, repeatEnd=false)
[礼物] 浪漫主义4792 : 抖音 x1 (钻石:1, repeatEnd=false)
[礼物] 浪漫主义4792 : 抖音 x1 (钻石:1, repeatEnd=true)
[礼物] 浪漫主义4792 : 抖音 x1 (钻石:1, repeatEnd=true)
[礼物] 🙌 : 粉丝团灯牌 x1 (钻石:0, repeatEnd=true)
[礼物] 🙌 : 粉丝团灯牌 x1 (钻石:0, repeatEnd=true)
[礼物] 木家人 : 入团卡 x1 (钻石:1, repeatEnd=false)
[礼物] 木家人 : 入团卡 x1 (钻石:1, repeatEnd=false)
[礼物] 木家人 : 恭喜 木家人 成为第328169名个锤子成员 x1 (钻石:0, repeatEnd=true)
[礼物] 木家人 : 恭喜 木家人 成为第328169名个锤子成员 x1 (钻石:0, repeatEnd=true)
[礼物] 木家人 : 入团卡 x1 (钻石:1, repeatEnd=true)
[礼物] 木家人 : 入团卡 x1 (钻石:1, repeatEnd=true)
[礼物] 阿添2023 : 可爱花束 x1 (钻石:199, repeatEnd=false)
[礼物] 阿添2023 : 可爱花束 x1 (钻石:199, repeatEnd=false)
[礼物] 好人 : 大啤酒 x1 (钻石:2, repeatEnd=false)
[礼物] 好人 : 大啤酒 x1 (钻石:2, repeatEnd=false)
[礼物] 好人 : 大啤酒 x1 (钻石:2, repeatEnd=true)
[礼物] 好人 : 大啤酒 x1 (钻石:2, repeatEnd=true)
[礼物] 冬、 : 抖音 x1 (钻石:1, repeatEnd=false)
[礼物] 冬、 : 抖音 x1 (钻石:1, repeatEnd=false)
[礼物] 好人 : 大啤酒 x1 (钻石:2, repeatEnd=false)
[礼物] 武先生来也 : 小心心 x1 (钻石:1, repeatEnd=false)
[礼物] 好人 : 大啤酒 x1 (钻石:2, repeatEnd=false)
[礼物] 武先生来也 : 小心心 x1 (钻石:1, repeatEnd=false)
[礼物] 冬、 : 抖音 x1 (钻石:1, repeatEnd=true)
[礼物] 冬、 : 抖音 x1 (钻石:1, repeatEnd=true)
[礼物] 好人 : 大啤酒 x1 (钻石:2, repeatEnd=true)
[礼物] 好人 : 大啤酒 x1 (钻石:2, repeatEnd=true)
[礼物] 武先生来也 : 小心心 x1 (钻石:1, repeatEnd=true)
[礼物] 武先生来也 : 小心心 x1 (钻石:1, repeatEnd=true)
[礼物] 喜羊1 : 人气票 x1 (钻石:1, repeatEnd=false)
[礼物] 喜羊1 : 人气票 x1 (钻石:1, repeatEnd=false)
[礼物] 喜羊1 : 人气票 x1 (钻石:1, repeatEnd=true)
[礼物] 喜羊1 : 人气票 x1 (钻石:1, repeatEnd=true)
[礼物] 回头开发 : 粉丝团灯牌 x1 (钻石:0, repeatEnd=true)
[礼物] 回头开发 : 粉丝团灯牌 x1 (钻石:0, repeatEnd=true)
[礼物] 三分零食 : 人气票 x1 (钻石:1, repeatEnd=false)
[礼物] 🐬🐬🐬新奇士 : 粉丝团灯牌 x1 (钻石:0, repeatEnd=true)
[礼物] 三分零食 : 人气票 x1 (钻石:1, repeatEnd=true)
[礼物] 慕容云海 : 粉丝团灯牌 x1 (钻石:1, repeatEnd=false)
[礼物] 勇敢的心 : 大啤酒 x1 (钻石:2, repeatEnd=false)
[礼物] ibo : 玫瑰 x1 (钻石:1, repeatEnd=false)
[礼物] 用户1802445028875🍒 : 粉丝团灯牌 x1 (钻石:1, repeatEnd=false)
[礼物] 孙成渊 : 点亮粉丝团 x1 (钻石:1, repeatEnd=false)
[礼物] 勇敢的心 : 大啤酒 x1 (钻石:2, repeatEnd=true)
[礼物] ibo : 玫瑰 x1 (钻石:1, repeatEnd=true)
[礼物] 阿添2023 : 粉丝团灯牌 x1 (钻石:1, repeatEnd=false)
[礼物] 孙成渊 : 点亮粉丝团 x1 (钻石:1, repeatEnd=true)
[礼物] 上善若水666 : 粉丝团灯牌 x1 (钻石:0, repeatEnd=true)
[礼物] 智了 : 小心心 x1 (钻石:1, repeatEnd=false)
[礼物] 智了 : 小心心 x1 (钻石:1, repeatEnd=true)
[礼物] 🌈🌈一休哥 : 粉丝团灯牌 x1 (钻石:0, repeatEnd=true)
[礼物] 狼🐺 : 玫瑰 x1 (钻石:1, repeatEnd=false)
[礼物] 狼🐺 : 玫瑰 x1 (钻石:1, repeatEnd=true)
[礼物] 用户10511593 : 粉丝团灯牌 x1 (钻石:0, repeatEnd=true)
[礼物] ☀️爹D🇨🇳⁶₂¹ : 粉丝团灯牌 x1 (钻石:0, repeatEnd=true)
[礼物] 南太湖飞哥 : 小心心 x1 (钻石:1, repeatEnd=false)
[礼物] 南太湖飞哥 : 小心心 x1 (钻石:1, repeatEnd=true)
[礼物] eleven🐜 : 粉丝团灯牌 x1 (钻石:0, repeatEnd=true)
[礼物] 韬哥 : 粉丝团灯牌 x1 (钻石:0, repeatEnd=true)
[礼物] 爱拼才会赢。 : 粉丝团灯牌 x1 (钻石:1, repeatEnd=false)
[礼物] 梦(69年) : 小心心 x1 (钻石:1, repeatEnd=false)
[礼物] 梦(69年) : 小心心 x1 (钻石:1, repeatEnd=true)
[礼物] 哈喽👋 : 粉丝团灯牌 x1 (钻石:0, repeatEnd=true)
[礼物] 西瓜妹妹 : 小心心 x1 (钻石:1, repeatEnd=false)
[礼物] 聚聚 : 人气票 x1 (钻石:1, repeatEnd=false)
[礼物] 西瓜妹妹 : 小心心 x1 (钻石:1, repeatEnd=true)
[礼物] 聚聚 : 人气票 x1 (钻石:1, repeatEnd=true)
[礼物] 🥀⃟释᭄怀☆神兵之子 : 小心心 x1 (钻石:1, repeatEnd=false)
[礼物] 🥀⃟释᭄怀☆神兵之子 : 小心心 x1 (钻石:1, repeatEnd=true)
[礼物] 上弦月 : 玫瑰 x1 (钻石:1, repeatEnd=false)
[礼物] 春晖 : 小心心 x1 (钻石:1, repeatEnd=false)
[礼物] 上弦月 : 玫瑰 x1 (钻石:1, repeatEnd=true)
[礼物] 春晖 : 小心心 x1 (钻石:1, repeatEnd=true)
[礼物] 春晖 : 入团卡 x1 (钻石:1, repeatEnd=false)
[礼物] 心安处即是家 : 粉丝团灯牌 x1 (钻石:0, repeatEnd=true)
[礼物] 春晖 : 恭喜 春晖 成为第328170名个锤子成员 x1 (钻石:0, repeatEnd=true)
[礼物] 春晖 : 入团卡 x1 (钻石:1, repeatEnd=true)
[礼物] 小丫 : 小心心 x1 (钻石:1, repeatEnd=false)
[礼物] 小丫 : 小心心 x1 (钻石:1, repeatEnd=true)
[礼物] 春晖 : 粉丝团灯牌 x1 (钻石:1, repeatEnd=false)
[礼物] 财从四面八方来 : 小心心 x1 (钻石:1, repeatEnd=false)
[礼物] 财从四面八方来 : 小心心 x1 (钻石:1, repeatEnd=true)
[礼物] 小郭的北漂生活 : 粉丝团灯牌 x1 (钻石:1, repeatEnd=false)
[礼物] 人生乐（下午3：10开播） : 粉丝团灯牌 x1 (钻石:1, repeatEnd=false)
[礼物] 美丽生活✔ : 点亮粉丝团 x1 (钻石:1, repeatEnd=false)
[礼物] 美丽生活✔ : 点亮粉丝团 x1 (钻石:1, repeatEnd=true)
[礼物] 小豆豆 : 小心心 x1 (钻石:1, repeatEnd=false)
[礼物] 静听花开♪ : 粉丝团灯牌 x1 (钻石:1, repeatEnd=false)
[礼物] 小豆豆 : 小心心 x1 (钻石:1, repeatEnd=true)
[礼物] 好人 : 大啤酒 x1 (钻石:2, repeatEnd=false)
[礼物] 好人 : 大啤酒 x1 (钻石:2, repeatEnd=true)
[礼物] 霜 : 点亮粉丝团 x1 (钻石:1, repeatEnd=false)
[礼物] 霜 : 点亮粉丝团 x1 (钻石:1, repeatEnd=true)
[礼物] 霜 : 粉丝团灯牌 x1 (钻石:1, repeatEnd=false)
[礼物] 煙花易逝゛却狠絢爛 : 亲吻 x1 (钻石:99, repeatEnd=false)
[礼物] 煙花易逝゛却狠絢爛 : 亲吻 x2 (钻石:198, repeatEnd=false)
[礼物] 无他 : 小心心 x1 (钻石:1, repeatEnd=false)
[礼物] 无他 : 小心心 x1 (钻石:1, repeatEnd=true)
[礼物] 火皇⁷³⁴ : 粉丝团灯牌 x1 (钻石:1, repeatEnd=false)
[礼物] 小众昵称 : 你最好看 x1 (钻石:2, repeatEnd=false)
[礼物] 胖哥pt : 玫瑰 x1 (钻石:1, repeatEnd=false)
[礼物] 小众昵称 : 你最好看 x1 (钻石:2, repeatEnd=true)
[礼物] 胖哥pt : 玫瑰 x1 (钻石:1, repeatEnd=true)
[礼物] 遇见缘分 : 粉丝团灯牌 x1 (钻石:0, repeatEnd=true)
[礼物] 小雨沙沙 : 粉丝团灯牌 x1 (钻石:1, repeatEnd=false)
[礼物] 财从四面八方来 : 小心心 x1 (钻石:1, repeatEnd=false)
[礼物] 小丫 : 端午福签 x1 (钻石:1, repeatEnd=false)
[礼物] 财从四面八方来 : 小心心 x1 (钻石:1, repeatEnd=true)
[礼物] 小丫 : 端午福签 x1 (钻石:1, repeatEnd=true)
[礼物] 🈶🈶 : 粉丝团灯牌 x1 (钻石:0, repeatEnd=true)
[礼物] 张海峰 : 点亮粉丝团 x1 (钻石:1, repeatEnd=false)
[礼物] 优乐美 : 入团卡 x1 (钻石:1, repeatEnd=false)
[礼物] 优乐美 : 恭喜 优乐美 成为第328171名个锤子成员 x1 (钻石:0, repeatEnd=true)
[礼物] 张海峰 : 点亮粉丝团 x1 (钻石:1, repeatEnd=true)
[礼物] 小丫 : 人气票 x1 (钻石:1, repeatEnd=false)
[礼物] 优乐美 : 入团卡 x1 (钻石:1, repeatEnd=true)
[礼物] 张海峰 : 粉丝团灯牌 x1 (钻石:1, repeatEnd=false)
[礼物] 小丫 : 人气票 x1 (钻石:1, repeatEnd=true)
[礼物] 王家四少 : 玫瑰 x1 (钻石:1, repeatEnd=false)
[礼物] 王家四少 : 玫瑰 x1 (钻石:1, repeatEnd=true)
[礼物] 🙌 : 点亮粉丝团 x1 (钻石:1, repeatEnd=false)
[礼物] 🙌 : 点亮粉丝团 x1 (钻石:1, repeatEnd=true)
[礼物] 牟家顺 : 粉丝团灯牌 x1 (钻石:0, repeatEnd=true)
[礼物] 珊珊亮 : 玫瑰 x1 (钻石:1, repeatEnd=false)
[礼物] 珊珊亮 : 玫瑰 x1 (钻石:1, repeatEnd=true)
[礼物] 东方圣人 : 粉丝团灯牌 x1 (钻石:0, repeatEnd=true)
[礼物] ꒰ঌ 念安໒꒱ : 小心心 x1 (钻石:1, repeatEnd=false)
[礼物] $$恭喜发财$$ : 点亮粉丝团 x1 (钻石:1, repeatEnd=false)
[礼物] ꒰ঌ 念安໒꒱ : 小心心 x1 (钻石:1, repeatEnd=true)
[礼物] 智了 : 小心心 x1 (钻石:1, repeatEnd=false)
[礼物] $$恭喜发财$$ : 点亮粉丝团 x1 (钻石:1, repeatEnd=true)
[礼物] 智了 : 小心心 x1 (钻石:1, repeatEnd=true)
[礼物] $$恭喜发财$$ : 粉丝团灯牌 x1 (钻石:1, repeatEnd=false)
[礼物] 姐 : 小心心 x1 (钻石:1, repeatEnd=false)
[礼物] 姐 : 小心心 x1 (钻石:1, repeatEnd=true)
[礼物] 小雨沙沙 : 人气票 x1 (钻石:1, repeatEnd=false)
[礼物] 农村仔一个 : 粉丝团灯牌 x1 (钻石:1, repeatEnd=false)
[礼物] 小雨沙沙 : 人气票 x1 (钻石:1, repeatEnd=true)
[礼物] 泽奇睿 : 粉丝团灯牌 x1 (钻石:0, repeatEnd=true)
[礼物] ꧁清茶꧔苦酒꧂ : 粉丝团灯牌 x1 (钻石:0, repeatEnd=true)
[礼物] $$恭喜发财$$ : 玫瑰 x1 (钻石:1, repeatEnd=false)
[礼物] 顏哥哥か : 人气票 x1 (钻石:1, repeatEnd=false)
[礼物] $$恭喜发财$$ : 玫瑰 x1 (钻石:1, repeatEnd=true)
[礼物] 顏哥哥か : 人气票 x1 (钻石:1, repeatEnd=true)
[礼物] 优乐美 : 小心心 x1 (钻石:1, repeatEnd=false)
[礼物] 优乐美 : 小心心 x1 (钻石:1, repeatEnd=true)
[礼物] $$恭喜发财$$ : 小心心 x1 (钻石:1, repeatEnd=false)
[礼物] $$恭喜发财$$ : 小心心 x2 (钻石:2, repeatEnd=false)
[礼物] 小兜兜(^_^)✨ : 点亮粉丝团 x1 (钻石:1, repeatEnd=false)
[礼物] $$恭喜发财$$ : 小心心 x2 (钻石:2, repeatEnd=true)
[礼物] 小兜兜(^_^)✨ : 点亮粉丝团 x1 (钻石:1, repeatEnd=true)
[礼物] 杨老师 : 点亮粉丝团 x1 (钻石:1, repeatEnd=false)
[礼物] 杨老师 : 点亮粉丝团 x1 (钻石:1, repeatEnd=true)
[礼物] 好人 : 你最好看 x1 (钻石:2, repeatEnd=false)
[礼物] 好人 : 你最好看 x1 (钻石:2, repeatEnd=true)
[礼物] 你是我的最爱 : 粉丝团灯牌 x1 (钻石:0, repeatEnd=true)
[礼物] 好人 : 你最好看 x1 (钻石:2, repeatEnd=false)
[礼物] 好人 : 你最好看 x1 (钻石:2, repeatEnd=true)
[礼物] 0501 : 粉丝团灯牌 x1 (钻石:0, repeatEnd=true)
[礼物] 冷枫 : 粉丝团灯牌 x1 (钻石:0, repeatEnd=true)
[礼物] 军哥0528W : 粉丝团灯牌 x1 (钻石:0, repeatEnd=true)
[礼物] 东风 : 点亮粉丝团 x1 (钻石:1, repeatEnd=false)
[礼物] 你大爷 : 粉丝团灯牌 x1 (钻石:0, repeatEnd=true)
[礼物] 东风 : 点亮粉丝团 x1 (钻石:1, repeatEnd=true)
[礼物] 东风 : 粉丝团灯牌 x1 (钻石:1, repeatEnd=false)
[礼物] yy : 粉丝团灯牌 x1 (钻石:0, repeatEnd=true)
[礼物] 我爱你👄 : 点亮粉丝团 x1 (钻石:1, repeatEnd=false)
[礼物] 好人 : 你最好看 x1 (钻石:2, repeatEnd=false)
[礼物] 我爱你👄 : 点亮粉丝团 x1 (钻石:1, repeatEnd=true)
[礼物] 好人 : 你最好看 x1 (钻石:2, repeatEnd=true)
[礼物] 奈何桥头不相见 : 小心心 x1 (钻石:1, repeatEnd=false)
[礼物] 嘦姕此生不渝 : 点亮粉丝团 x1 (钻石:1, repeatEnd=false)
[礼物] 奈何桥头不相见 : 小心心 x1 (钻石:1, repeatEnd=true)
[礼物] 嘦姕此生不渝 : 点亮粉丝团 x1 (钻石:1, repeatEnd=true)
[礼物] 李娜 : 粉丝团灯牌 x1 (钻石:0, repeatEnd=true)
[礼物] 好人 : 你最好看 x1 (钻石:2, repeatEnd=false)
[礼物] 好人 : 你最好看 x1 (钻石:2, repeatEnd=true)
[礼物] 熟悉的陌生人！ : 粉丝团灯牌 x1 (钻石:0, repeatEnd=true)
[礼物] 开开心心每一天 : 粉丝团灯牌 x1 (钻石:0, repeatEnd=true)
[礼物] 粑人三姨娘 : 点亮粉丝团 x1 (钻石:1, repeatEnd=false)
[礼物] 8把你守护 : 点亮粉丝团 x1 (钻石:1, repeatEnd=false)
[礼物] 8你开心我快乐 : 点亮粉丝团 x1 (钻石:1, repeatEnd=false)
[礼物] 8嗨主播好 : 点亮粉丝团 x1 (钻石:1, repeatEnd=false)
[礼物] 大叔来了吧 : 点亮粉丝团 x1 (钻石:1, repeatEnd=false)
[礼物] 8嗨主播好 : 8嗨主播好 刚刚升级至【☀️铁锤爱跑调...】粉丝团 Lv7 x1 (钻石:0, repeatEnd=true)
[礼物] 8兵妈妈ba : 点亮粉丝团 x1 (钻石:1, repeatEnd=false)
[礼物] 粑人三姨娘 : 点亮粉丝团 x1 (钻石:1, repeatEnd=true)
[礼物] 8把你守护 : 点亮粉丝团 x1 (钻石:1, repeatEnd=true)
[礼物] 心善八妹妹 : 点亮粉丝团 x1 (钻石:1, repeatEnd=false)
[礼物] 8你开心我快乐 : 点亮粉丝团 x1 (钻石:1, repeatEnd=true)
[礼物] 8嗨主播好 : 点亮粉丝团 x1 (钻石:1, repeatEnd=true)
[礼物] 大叔来了吧 : 点亮粉丝团 x1 (钻石:1, repeatEnd=true)
[礼物] 8兵妈妈ba : 点亮粉丝团 x1 (钻石:1, repeatEnd=true)
[礼物] 心善八妹妹 : 点亮粉丝团 x1 (钻石:1, repeatEnd=true)
[礼物] 耙六弟 : 点亮粉丝团 x1 (钻石:1, repeatEnd=false)
[礼物] 耙六弟 : 点亮粉丝团 x1 (钻石:1, repeatEnd=true)
[礼物] 人见8人爱 : 点亮粉丝团 x1 (钻石:1, repeatEnd=false)
[礼物] 空港 : 人气票 x1 (钻石:1, repeatEnd=false)
[礼物] 人见8人爱 : 点亮粉丝团 x1 (钻石:1, repeatEnd=true)
[礼物] 空港 : 人气票 x1 (钻石:1, repeatEnd=true)
[礼物] 多财多艺 : 点亮粉丝团 x1 (钻石:1, repeatEnd=false)
[礼物] 多财多艺 : 点亮粉丝团 x1 (钻石:1, repeatEnd=true)
[礼物] ☀️九八 : 捏捏小脸 x1 (钻石:99, repeatEnd=false)
[礼物] 好太太滁州店 : 入团卡 x1 (钻石:1, repeatEnd=false)
[礼物] 好太太滁州店 : 恭喜 好太太滁州店 成为第328172名个锤子成员 x1 (钻石:0, repeatEnd=true)
[礼物] 姚大 : 粉丝团灯牌 x1 (钻石:0, repeatEnd=true)
[礼物] 好太太滁州店 : 入团卡 x1 (钻石:1, repeatEnd=true)
[礼物] 🍭 : 你最好看 x1 (钻石:2, repeatEnd=false)
[礼物] 挽挽~ : 抖音 x1 (钻石:1, repeatEnd=false)
[礼物] 🍭 : 你最好看 x1 (钻石:2, repeatEnd=true)
[礼物] 挽挽~ : 抖音 x1 (钻石:1, repeatEnd=true)
[礼物] 刘行八 : 点亮粉丝团 x1 (钻石:1, repeatEnd=false)
[礼物] 张伟 : 粉丝团灯牌 x1 (钻石:0, repeatEnd=true)
[礼物] 刘行八 : 点亮粉丝团 x1 (钻石:1, repeatEnd=true)
[礼物] 陈心开姐 : 点亮粉丝团 x1 (钻石:1, repeatEnd=false)
[礼物] 陈心开姐 : 点亮粉丝团 x1 (钻石:1, repeatEnd=true)
[礼物] 余昌伟 : 人气票 x1 (钻石:1, repeatEnd=false)
[礼物] 桂林太平路理享美发@经纬 : 小心心 x1 (钻石:1, repeatEnd=false)
[礼物] 余昌伟 : 人气票 x1 (钻石:1, repeatEnd=true)
[礼物] 桂林太平路理享美发@经纬 : 小心心 x1 (钻石:1, repeatEnd=true)
[礼物] 柳柳工作号 : 你最好看 x1 (钻石:2, repeatEnd=false)
[礼物] 柳柳工作号 : 你最好看 x1 (钻石:2, repeatEnd=true)
[礼物] 站如松 : 点亮粉丝团 x1 (钻石:1, repeatEnd=false)
[礼物] 余昌伟 : 音为有你 x1 (钻石:1, repeatEnd=false)
[礼物] 柳柳工作号 : 小心心 x1 (钻石:1, repeatEnd=false)
[礼物] 站如松 : 点亮粉丝团 x1 (钻石:1, repeatEnd=true)
[礼物] 站如松 : 粉丝团灯牌 x1 (钻石:1, repeatEnd=false)
[礼物] 余昌伟 : 音为有你 x1 (钻石:1, repeatEnd=true)
[礼物] 柳柳工作号 : 小心心 x1 (钻石:1, repeatEnd=true)
[礼物] 红她 : 点亮粉丝团 x1 (钻石:1, repeatEnd=false)
[礼物] 辣妹 : 粉丝团灯牌 x1 (钻石:0, repeatEnd=true)
[礼物] 红她 : 点亮粉丝团 x1 (钻石:1, repeatEnd=true)
[礼物] 王冬梅 : 粉丝团灯牌 x1 (钻石:0, repeatEnd=true)
[礼物] [我的世界]喵吉吖 : 粉丝团灯牌 x1 (钻石:0, repeatEnd=true)
[礼物] 柳柳工作号 : 你最好看 x1 (钻石:2, repeatEnd=false)
[礼物] 李尚往来# : 小心心 x1 (钻石:1, repeatEnd=false)
[礼物] 李尚往来# : 小心心 x1 (钻石:1, repeatEnd=true)
[礼物] 柳柳工作号 : 你最好看 x1 (钻石:2, repeatEnd=true)
[礼物] 亮仔不是靓仔 : 点亮粉丝团 x1 (钻石:1, repeatEnd=false)
[礼物] 柳柳工作号 : 你最好看 x1 (钻石:2, repeatEnd=false)
[礼物] 亮仔不是靓仔 : 点亮粉丝团 x1 (钻石:1, repeatEnd=true)
[礼物] 柳柳工作号 : 你最好看 x1 (钻石:2, repeatEnd=true)
[礼物] 无波无澜 : 入团卡 x1 (钻石:1, repeatEnd=false)
[礼物] 无波无澜 : 恭喜 无波无澜 成为第328173名个锤子成员 x1 (钻石:0, repeatEnd=true)
[礼物] 柳柳工作号 : 你最好看 x1 (钻石:2, repeatEnd=false)
[礼物] 无波无澜 : 入团卡 x1 (钻石:1, repeatEnd=true)
[礼物] 柳柳工作号 : 你最好看 x1 (钻石:2, repeatEnd=true)
[礼物] 用户6928755169857 : 小心心 x1 (钻石:1, repeatEnd=false)
[礼物] 柳柳工作号 : 粉丝团灯牌 x1 (钻石:1, repeatEnd=false)
[礼物] 用户6928755169857 : 小心心 x1 (钻石:1, repeatEnd=true)
[礼物] 用户2669833277787 : 粉丝团灯牌 x1 (钻石:0, repeatEnd=true)
[礼物] 余昌伟 : 小心心 x1 (钻石:1, repeatEnd=false)
[礼物] 余昌伟 : 小心心 x1 (钻石:1, repeatEnd=true)
[礼物] 用户1444031741087 : 你最好看 x1 (钻石:2, repeatEnd=false)
[礼物] 快乐平安 : 粉丝团灯牌 x1 (钻石:0, repeatEnd=true)
[礼物] 红姐 : 点亮粉丝团 x1 (钻石:1, repeatEnd=false)
[礼物] 用户1444031741087 : 你最好看 x1 (钻石:2, repeatEnd=true)
[礼物] 红姐 : 点亮粉丝团 x1 (钻石:1, repeatEnd=true)
[礼物] 欣月a : 小心心 x1 (钻石:1, repeatEnd=false)
[礼物] 欣月a : 小心心 x1 (钻石:1, repeatEnd=true)
[礼物] 卡曼尼 : 抖音 x1 (钻石:1, repeatEnd=false)
[礼物] 雅茹好物～零食分享 : 小心心 x1 (钻石:1, repeatEnd=false)
[礼物] 卡曼尼 : 抖音 x1 (钻石:1, repeatEnd=true)
[礼物] 欣月a : 小心心 x1 (钻石:1, repeatEnd=true)
[礼物] 卡曼尼 : 抖音 x1 (钻石:1, repeatEnd=false)
[礼物] 雅茹好物～零食分享 : 小心心 x1 (钻石:1, repeatEnd=false)
[礼物] 卡曼尼 : 抖音 x1 (钻石:1, repeatEnd=true)
[礼物] 雅茹好物～零食分享 : 小心心 x1 (钻石:1, repeatEnd=true)
[礼物] 小小梦魇 : 粉丝团灯牌 x1 (钻石:0, repeatEnd=true)
[礼物] Jimmy Ho : 粉丝团灯牌 x1 (钻石:0, repeatEnd=true)
[礼物] 小龙虾～ 即插即用 : 小心心 x1 (钻石:1, repeatEnd=false)
[礼物] -果果的奶奶 : 入团卡 x1 (钻石:1, repeatEnd=false)
[礼物] -果果的奶奶 : 恭喜 -果果的奶奶 成为第328174名个锤子成员 x1 (钻石:0, repeatEnd=true)
[礼物] 小龙虾～ 即插即用 : 小心心 x1 (钻石:1, repeatEnd=true)
[礼物] -果果的奶奶 : 入团卡 x1 (钻石:1, repeatEnd=true)
[礼物] 用户2217583830951 : 玫瑰 x1 (钻石:1, repeatEnd=false)
[礼物] 用户2217583830951 : 玫瑰 x1 (钻石:1, repeatEnd=true)
[礼物] 发财123 : 入团卡 x1 (钻石:1, repeatEnd=false)
[礼物] 发财123 : 恭喜 发财123 成为第328175名个锤子成员 x1 (钻石:0, repeatEnd=true)
[礼物] 丁卯吉 : 人气票 x1 (钻石:1, repeatEnd=false)
[礼物] 发财123 : 入团卡 x1 (钻石:1, repeatEnd=true)
[礼物] 丁卯吉 : 人气票 x1 (钻石:1, repeatEnd=true)
[礼物] @誉好运来 : 入团卡 x1 (钻石:1, repeatEnd=false)
[礼物] @誉好运来 : 恭喜 @誉好运来 成为第328176名个锤子成员 x1 (钻石:0, repeatEnd=true)
[礼物] @誉好运来 : 入团卡 x1 (钻石:1, repeatEnd=true)
[礼物]  : 礼物 x1 (钻石:1, repeatEnd=true)
[礼物] 勇往直前 : 粉丝团灯牌 x1 (钻石:0, repeatEnd=true)
[礼物] 荣添 : 点亮粉丝团 x1 (钻石:1, repeatEnd=false)
[礼物] 荣添 : 点亮粉丝团 x1 (钻石:1, repeatEnd=true)
[礼物] 柳柳工作号 : 小心心 x1 (钻石:1, repeatEnd=false)
[礼物] 木炭机 : 你最好看 x1 (钻石:2, repeatEnd=false)
[礼物] 柳柳工作号 : 小心心 x1 (钻石:1, repeatEnd=true)
[礼物] 木炭机 : 你最好看 x1 (钻石:2, repeatEnd=true)
[礼物] 柳柳工作号 : 人气票 x1 (钻石:1, repeatEnd=false)
[礼物] 柳柳工作号 : 人气票 x1 (钻石:1, repeatEnd=true)
[礼物] 萌萌🍀呆呆✨ : 点亮粉丝团 x1 (钻石:1, repeatEnd=false)
[礼物] ☀️好好的²¹⁴ : 粉丝团灯牌 x1 (钻石:1, repeatEnd=false)
[礼物] 亚东姐⁶¹⁰ : 点亮粉丝团 x1 (钻石:1, repeatEnd=false)
[礼物] 萌萌🍀呆呆✨ : 点亮粉丝团 x1 (钻石:1, repeatEnd=true)
[礼物] 亚东姐⁶¹⁰ : 点亮粉丝团 x1 (钻石:1, repeatEnd=true)
[礼物] 用户6928755169857 : 小心心 x1 (钻石:1, repeatEnd=false)
[礼物] 用户6928755169857 : 小心心 x1 (钻石:1, repeatEnd=true)
[礼物] 筱蓝芷韵 : 粉丝团灯牌 x1 (钻石:0, repeatEnd=true)
[礼物]  : 礼物 x1 (钻石:520, repeatEnd=true)
[礼物] 和22 : 点亮粉丝团 x1 (钻石:1, repeatEnd=false)
[礼物] 用户7763409147998 : 点亮粉丝团 x1 (钻石:1, repeatEnd=false)
[礼物] 和22 : 点亮粉丝团 x1 (钻石:1, repeatEnd=true)
[礼物] 用户7763409147998 : 点亮粉丝团 x1 (钻石:1, repeatEnd=true)
[礼物] 海天一色 : 点亮粉丝团 x1 (钻石:1, repeatEnd=false)
[礼物] 海天一色 : 点亮粉丝团 x1 (钻石:1, repeatEnd=true)
[礼物] 星河 : 点亮粉丝团 x1 (钻石:1, repeatEnd=false)
[礼物] 星河 : 点亮粉丝团 x1 (钻石:1, repeatEnd=true)
[礼物] 幸福美满 : 点亮粉丝团 x1 (钻石:1, repeatEnd=false)
[礼物]  : 礼物 x1 (钻石:1, repeatEnd=true)
[礼物] 幸福美满 : 点亮粉丝团 x1 (钻石:1, repeatEnd=true)
[礼物]  : 礼物 x1 (钻石:1, repeatEnd=true)
[礼物] 沙鲁40-1 : 入团卡 x1 (钻石:1, repeatEnd=false)
[礼物] 沙鲁40-1 : 恭喜 沙鲁40-1 成为第328177名个锤子成员 x1 (钻石:0, repeatEnd=true)
[礼物]  : 礼物 x1 (钻石:10, repeatEnd=true)
[礼物] 沙鲁40-1 : 入团卡 x1 (钻石:1, repeatEnd=true)
[礼物] 直接 : 入团卡 x1 (钻石:1, repeatEnd=false)
[礼物] 直接 : 恭喜 直接 成为第328178名个锤子成员 x1 (钻石:0, repeatEnd=true)
[礼物] 美美 : 入团卡 x1 (钻石:1, repeatEnd=false)
[礼物] 美美 : 恭喜 美美 成为第328178名个锤子成员 x1 (钻石:0, repeatEnd=true)
[礼物] 直接 : 入团卡 x1 (钻石:1, repeatEnd=true)
[礼物]  : 礼物 x1 (钻石:3000, repeatEnd=true)
[礼物] 菲菲80502 : 点亮粉丝团 x1 (钻石:1, repeatEnd=false)
[礼物] 美美 : 入团卡 x1 (钻石:1, repeatEnd=true)
[礼物]  : 礼物 x1 (钻石:9, repeatEnd=true)
[礼物] 菲菲80502 : 点亮粉丝团 x1 (钻石:1, repeatEnd=true)
[礼物]  : 礼物 x1 (钻石:15, repeatEnd=true)
[礼物]  : 礼物 x1 (钻石:299, repeatEnd=true)
[礼物]  : 礼物 x1 (钻石:9, repeatEnd=true)
[礼物] ⚡ : 点亮粉丝团 x1 (钻石:1, repeatEnd=false)
[礼物] dou9901247 : PK宝箱 x1 (钻石:600, repeatEnd=false)
[礼物] 桂 : 点亮粉丝团 x1 (钻石:1, repeatEnd=false)
[礼物] ✘行者✘ : 点亮粉丝团 x1 (钻石:1, repeatEnd=false)
[礼物]  : 礼物 x1 (钻石:600, repeatEnd=true)
[礼物] ⚡ : 粉丝团灯牌 x1 (钻石:1, repeatEnd=false)
[礼物]  : 礼物 x1 (钻石:1, repeatEnd=true)
[礼物] ⚡ : 点亮粉丝团 x1 (钻石:1, repeatEnd=true)
[礼物] 余昌伟 : 小心心 x1 (钻石:1, repeatEnd=false)
[礼物] 桂 : 点亮粉丝团 x1 (钻石:1, repeatEnd=true)
[礼物] ✘行者✘ : 点亮粉丝团 x1 (钻石:1, repeatEnd=true)
[礼物]  : 礼物 x1 (钻石:600, repeatEnd=true)
[礼物] 余昌伟 : 小心心 x1 (钻石:1, repeatEnd=true)
[礼物] 高勤 : 点亮粉丝团 x1 (钻石:1, repeatEnd=false)
[礼物] 高勤 : 点亮粉丝团 x1 (钻石:1, repeatEnd=true)
[礼物] 一生许丽 : 点亮粉丝团 x1 (钻石:1, repeatEnd=false)
[礼物] 一生许丽 : 一生许丽 刚刚升级至【☀️铁锤爱跑调...】粉丝团 Lv8 x1 (钻石:0, repeatEnd=true)
[礼物] 用户3341408493411 : 粉丝团灯牌 x1 (钻石:1, repeatEnd=false)
[礼物]  : 礼物 x1 (钻石:1, repeatEnd=true)
[礼物] 一生许丽 : 点亮粉丝团 x1 (钻石:1, repeatEnd=true)
[礼物] 罗马世家墙布 : 玫瑰 x1 (钻石:1, repeatEnd=false)
[礼物] 罗马世家墙布 : 玫瑰 x1 (钻石:1, repeatEnd=true)
[礼物] 向钱看 : 点亮粉丝团 x1 (钻石:1, repeatEnd=false)
[礼物] 向钱看 : 点亮粉丝团 x1 (钻石:1, repeatEnd=true)
[礼物]  : 礼物 x1 (钻石:1, repeatEnd=true)
[礼物]  : 礼物 x1 (钻石:1, repeatEnd=true)
[礼物] 可爱超膘 : 入团卡 x1 (钻石:1, repeatEnd=false)
[礼物] 可爱超膘 : 恭喜 可爱超膘 成为第328179名个锤子成员 x1 (钻石:0, repeatEnd=true)
[礼物] 可爱超膘 : 入团卡 x1 (钻石:1, repeatEnd=true)
[礼物] 小胖子 : 小心心 x1 (钻石:1, repeatEnd=false)
[礼物] 小胖子 : 小心心 x1 (钻石:1, repeatEnd=true)
[礼物] ︶﹌⋛⋋锋沙⋌⋚﹌︶hw*dWqq : 你最好看 x1 (钻石:2, repeatEnd=false)
[礼物] ︶﹌⋛⋋锋沙⋌⋚﹌︶hw*dWqq : 你最好看 x1 (钻石:2, repeatEnd=true)
[礼物]  : 礼物 x1 (钻石:1, repeatEnd=true)
[礼物]  : 礼物 x1 (钻石:1, repeatEnd=true)
[礼物] 东风 : 人气票 x1 (钻石:1, repeatEnd=false)
[礼物] ✨冷暖自知✨ : 粉丝团灯牌 x1 (钻石:1, repeatEnd=false)
[礼物] 东风 : 人气票 x1 (钻石:1, repeatEnd=true)
[礼物]  : 礼物 x1 (钻石:1, repeatEnd=true)
[礼物] ☀️铁锤的趣多多🍪 : 小心心 x1 (钻石:1, repeatEnd=false)
[礼物]  : 礼物 x1 (钻石:1, repeatEnd=true)
[礼物] 煙花易逝゛却狠絢爛 : 小心心 x1 (钻石:1, repeatEnd=false)
[礼物] 心中暴火中的暴NUBOND纽带现场真的绝 : 小心心 x1 (钻石:1, repeatEnd=false)
[礼物]  : 礼物 x1 (钻石:1, repeatEnd=true)
[礼物] 等你等你_24956 : 小心心 x1 (钻石:1, repeatEnd=false)
[礼物] 一克拉梦想 : 人气票 x1 (钻石:1, repeatEnd=false)
[礼物] ☀️铁锤的趣多多🍪 : 小心心 x1 (钻石:1, repeatEnd=true)
[礼物] 深海 : 人气票 x1 (钻石:1, repeatEnd=false)
[礼物] 煙花易逝゛却狠絢爛 : 小心心 x1 (钻石:1, repeatEnd=true)
[礼物] 心梦 : 小心心 x1 (钻石:1, repeatEnd=false)
[礼物] 心中暴火中的暴NUBOND纽带现场真的绝 : 小心心 x1 (钻石:1, repeatEnd=true)
[礼物] 浮云 : 小心心 x1 (钻石:1, repeatEnd=false)
[礼物] 等你等你_24956 : 小心心 x1 (钻石:1, repeatEnd=true)
[礼物] 遇见… : 小心心 x1 (钻石:1, repeatEnd=false)
[礼物] 一克拉梦想 : 人气票 x1 (钻石:1, repeatEnd=true)
[礼物]  : 礼物 x1 (钻石:1, repeatEnd=true)
[礼物] dou9901247 : 小心心 x1 (钻石:1, repeatEnd=false)
[礼物] 一剑倾心@山海情 : 小心心 x1 (钻石:1, repeatEnd=false)
[礼物] 深海 : 人气票 x1 (钻石:1, repeatEnd=true)
[礼物] 黑客 : 小心心 x1 (钻石:1, repeatEnd=false)
[礼物] 心梦 : 小心心 x1 (钻石:1, repeatEnd=true)
[礼物] 小池 : 人气票 x1 (钻石:1, repeatEnd=false)
[礼物] 浮云 : 小心心 x1 (钻石:1, repeatEnd=true)
[礼物] 遇见… : 小心心 x1 (钻石:1, repeatEnd=true)
[礼物] ⁹²⁷⁷铁丝儿¹⁰⁰⁸格子618三周年 : 小心心 x1 (钻石:1, repeatEnd=false)
[礼物] dou9901247 : 小心心 x1 (钻石:1, repeatEnd=true)
[礼物]  : 礼物 x1 (钻石:1, repeatEnd=true)
[礼物]  : 礼物 x1 (钻石:1, repeatEnd=true)
[礼物] 一剑倾心@山海情 : 小心心 x1 (钻石:1, repeatEnd=true)
[礼物] 黑客 : 小心心 x1 (钻石:1, repeatEnd=true)
[礼物] 小池 : 人气票 x1 (钻石:1, repeatEnd=true)
[礼物]  : 礼物 x1 (钻石:1, repeatEnd=true)
[礼物] 小塌 : 人气票 x1 (钻石:1, repeatEnd=false)
[礼物]  : 礼物 x1 (钻石:9, repeatEnd=true)
[礼物] ☀️铁总儿 : 小心心 x1 (钻石:1, repeatEnd=false)
[礼物]  : 礼物 x1 (钻石:1, repeatEnd=true)
[礼物]  : 礼物 x1 (钻石:1, repeatEnd=true)
[礼物] ⁹²⁷⁷铁丝儿¹⁰⁰⁸格子618三周年 : 小心心 x1 (钻石:1, repeatEnd=true)
[礼物]  : 礼物 x1 (钻石:1, repeatEnd=true)
[礼物]  : 礼物 x1 (钻石:1, repeatEnd=true)
[礼物]  : 礼物 x1 (钻石:1, repeatEnd=true)
[礼物]  : 礼物 x1 (钻石:1, repeatEnd=true)
[礼物]  : 礼物 x1 (钻石:1, repeatEnd=true)
[礼物] 小塌 : 人气票 x1 (钻石:1, repeatEnd=true)
[礼物] ☀️铁总儿 : 小心心 x1 (钻石:1, repeatEnd=true)
[礼物]  : 礼物 x1 (钻石:1, repeatEnd=true)
[礼物]  : 礼物 x1 (钻石:1, repeatEnd=true)
[礼物] 明天会 : 你最好看 x1 (钻石:2, repeatEnd=false)
[礼物]  : 礼物 x1 (钻石:1, repeatEnd=true)
[礼物] 情暖今生 : 小心心 x1 (钻石:1, repeatEnd=false)
[礼物] 小屁孩🍭 : 小心心 x1 (钻石:1, repeatEnd=false)
[礼物] 东风 : 小心心 x1 (钻石:1, repeatEnd=false)
[礼物]  : 礼物 x1 (钻石:1, repeatEnd=true)
[礼物]  : 礼物 x1 (钻石:1, repeatEnd=true)
[礼物]  : 礼物 x1 (钻石:1, repeatEnd=true)
[礼物] 明天会 : 你最好看 x1 (钻石:2, repeatEnd=true)
[礼物] 情暖今生 : 小心心 x1 (钻石:1, repeatEnd=true)
[礼物] 小屁孩🍭 : 小心心 x1 (钻石:1, repeatEnd=true)
[礼物] 东风 : 小心心 x1 (钻石:1, repeatEnd=true)
[礼物] 用户3341408493411 : 小心心 x1 (钻石:1, repeatEnd=false)
[礼物] 深海 : 深海 刚刚升级至【☀️铁锤爱跑调...】粉丝团 Lv6 x1 (钻石:0, repeatEnd=true)
[礼物]  : 礼物 x1 (钻石:1, repeatEnd=true)
[礼物]  : 礼物 x1 (钻石:1, repeatEnd=true)
[礼物] 人生乐（下午3：10开播） : 小心心 x1 (钻石:1, repeatEnd=false)
[礼物] 用户3341408493411 : 小心心 x1 (钻石:1, repeatEnd=true)
[礼物] 人生乐（下午3：10开播） : 小心心 x1 (钻石:1, repeatEnd=true)
[礼物] 人生乐（下午3：10开播） : 小心心 x1 (钻石:1, repeatEnd=false)
[礼物] 小生哥 : 粉丝团灯牌 x1 (钻石:1, repeatEnd=false)
[礼物]  : 礼物 x1 (钻石:1, repeatEnd=true)
[礼物] 人生乐（下午3：10开播） : 小心心 x1 (钻石:1, repeatEnd=true)
[礼物] 用户6928755169857 : 小心心 x1 (钻石:1, repeatEnd=false)
[礼物] 70后小老头 : 小心心 x1 (钻石:1, repeatEnd=false)
[礼物] 用户10511593 : 小心心 x1 (钻石:1, repeatEnd=false)
[礼物] 用户6928755169857 : 小心心 x1 (钻石:1, repeatEnd=true)
[礼物] 70后小老头 : 小心心 x1 (钻石:1, repeatEnd=true)
[礼物] 秀丽 : 小心心 x1 (钻石:1, repeatEnd=false)
[礼物]  : 礼物 x1 (钻石:1, repeatEnd=true)
[礼物] 用户10511593 : 小心心 x1 (钻石:1, repeatEnd=true)
[礼物]  : 礼物 x1 (钻石:1, repeatEnd=true)
[礼物] 回忆 : 小心心 x1 (钻石:1, repeatEnd=false)
[礼物] 秀丽 : 小心心 x1 (钻石:1, repeatEnd=true)
[礼物]  : 礼物 x1 (钻石:1, repeatEnd=true)
[礼物] 回忆 : 小心心 x1 (钻石:1, repeatEnd=true)
[礼物] 像风一样自由 : 小心心 x1 (钻石:1, repeatEnd=false)
[礼物] 二梦～ : 小心心 x1 (钻石:1, repeatEnd=false)
[礼物] 像风一样自由 : 小心心 x1 (钻石:1, repeatEnd=true)
[礼物] 二梦～ : 小心心 x1 (钻石:1, repeatEnd=true)
[礼物] 用户864221380026 : 人气票 x1 (钻石:1, repeatEnd=false)
[礼物] 用户864221380026 : 人气票 x1 (钻石:1, repeatEnd=true)
[礼物] 柳柳工作号 : 小心心 x1 (钻石:1, repeatEnd=false)
[礼物]  : 礼物 x1 (钻石:1, repeatEnd=true)
[礼物] 余昌伟 : 小心心 x1 (钻石:1, repeatEnd=false)
[礼物] 柳柳工作号 : 小心心 x1 (钻石:1, repeatEnd=true)
[礼物]  : 礼物 x1 (钻石:1, repeatEnd=true)
[礼物] 余昌伟 : 小心心 x1 (钻石:1, repeatEnd=true)
[礼物] 东风 : 小心心 x1 (钻石:1, repeatEnd=false)
[礼物] 春晖 : 小心心 x1 (钻石:1, repeatEnd=false)
[礼物] 东风 : 小心心 x1 (钻石:1, repeatEnd=true)
[礼物] 小石头 : 小心心 x1 (钻石:1, repeatEnd=false)
[礼物] 春晖 : 小心心 x1 (钻石:1, repeatEnd=true)
[礼物] 一只小花狗👅 : 小心心 x1 (钻石:1, repeatEnd=false)
[礼物] 东风 : 小心心 x1 (钻石:1, repeatEnd=false)
[礼物] 小石头 : 小心心 x1 (钻石:1, repeatEnd=true)
[礼物] 一只小花狗👅 : 小心心 x1 (钻石:1, repeatEnd=true)
[礼物] 东风 : 小心心 x1 (钻石:1, repeatEnd=true)
[礼物] 用户10511593 : 点亮粉丝团 x1 (钻石:1, repeatEnd=false)
[礼物] 用户10511593 : 粉丝团灯牌 x1 (钻石:1, repeatEnd=false)
[礼物] 用户10511593 : 点亮粉丝团 x1 (钻石:1, repeatEnd=true)
[礼物] 回忆 : 小心心 x1 (钻石:1, repeatEnd=false)
[礼物] 东风 : 小心心 x1 (钻石:1, repeatEnd=false)
[礼物] 82班 : 粉丝团灯牌 x1 (钻石:0, repeatEnd=true)
[礼物] 回忆 : 小心心 x1 (钻石:1, repeatEnd=true)
[礼物] 一只小花狗👅 : 小心心 x1 (钻石:1, repeatEnd=false)
[礼物] 最帅的人 : 小心心 x1 (钻石:1, repeatEnd=false)
[礼物] 东风 : 小心心 x1 (钻石:1, repeatEnd=true)
[礼物] 柔情似水 : 小心心 x1 (钻石:1, repeatEnd=false)
[礼物] 一只小花狗👅 : 小心心 x1 (钻石:1, repeatEnd=true)
[礼物] 最帅的人 : 小心心 x1 (钻石:1, repeatEnd=true)
[礼物] 海之星A : 小心心 x1 (钻石:1, repeatEnd=false)
[礼物] 海之星A : 小心心 x2 (钻石:2, repeatEnd=false)
[礼物] 啊金 : 小心心 x1 (钻石:1, repeatEnd=false)
[礼物] 柔情似水 : 小心心 x1 (钻石:1, repeatEnd=true)
[礼物] 恋爱 : 人气票 x1 (钻石:1, repeatEnd=false)
[礼物] 海之星A : 小心心 x2 (钻石:2, repeatEnd=true)
[礼物] 啊金 : 小心心 x1 (钻石:1, repeatEnd=true)
[礼物] 我还是那个少年 : 点亮粉丝团 x1 (钻石:1, repeatEnd=false)
[礼物] 恋爱 : 人气票 x1 (钻石:1, repeatEnd=true)
[礼物]  : 礼物 x1 (钻石:1, repeatEnd=true)
[礼物] 我还是那个少年 : 点亮粉丝团 x1 (钻石:1, repeatEnd=true)
[礼物]  : 礼物 x1 (钻石:1, repeatEnd=true)
[礼物] 余昌伟 : 人气票 x1 (钻石:1, repeatEnd=false)
[礼物]  : 礼物 x1 (钻石:1, repeatEnd=true)
[礼物]  : 礼物 x2 (钻石:2, repeatEnd=true)
[礼物]  : 礼物 x3 (钻石:3, repeatEnd=true)
[礼物]  : 礼物 x2 (钻石:2, repeatEnd=true)
[礼物]  : 礼物 x3 (钻石:3, repeatEnd=true)
[礼物] 余昌伟 : 人气票 x1 (钻石:1, repeatEnd=true)
[礼物]  : 礼物 x1 (钻石:1, repeatEnd=true)
[礼物] ？ : 粉丝团灯牌 x1 (钻石:0, repeatEnd=true)
[礼物]  : 礼物 x1 (钻石:1, repeatEnd=true)
[礼物] 小王2019 : 小心心 x1 (钻石:1, repeatEnd=false)
[礼物] ✨蓝月亮✨ : 点亮粉丝团 x1 (钻石:1, repeatEnd=false)
[礼物]  : 礼物 x1 (钻石:1, repeatEnd=true)
[礼物]  : 礼物 x1 (钻石:20000, repeatEnd=true)
[礼物] 小王2019 : 小心心 x1 (钻石:1, repeatEnd=true)
[礼物] ✨蓝月亮✨ : 点亮粉丝团 x1 (钻石:1, repeatEnd=true)
[礼物]  : 礼物 x1 (钻石:1, repeatEnd=true)
[礼物]  : 礼物 x1 (钻石:1, repeatEnd=true)
[礼物]  : 礼物 x1 (钻石:9, repeatEnd=true)
[礼物] 伊犁 : 点亮粉丝团 x1 (钻石:1, repeatEnd=false)
[礼物]  : 礼物 x1 (钻石:9, repeatEnd=true)
[礼物] 伊犁 : 点亮粉丝团 x1 (钻石:1, repeatEnd=true)
[礼物]  : 礼物 x1 (钻石:2, repeatEnd=true)
[礼物]  : 礼物 x1 (钻石:9, repeatEnd=true)
[礼物] 青菜 : 点亮粉丝团 x1 (钻石:1, repeatEnd=false)
[礼物] 伊犁 : 粉丝团灯牌 x1 (钻石:1, repeatEnd=false)
[礼物] 青菜 : 点亮粉丝团 x1 (钻石:1, repeatEnd=true)
[礼物]  : 礼物 x1 (钻石:9, repeatEnd=true)
[礼物]  : 礼物 x1 (钻石:1, repeatEnd=true)
[礼物] 无波无澜 : 玫瑰 x1 (钻石:1, repeatEnd=false)
[礼物] 无波无澜 : 玫瑰 x1 (钻石:1, repeatEnd=true)
[礼物] 💫晴儿💫 : 点亮粉丝团 x1 (钻石:1, repeatEnd=false)
[礼物] 💫晴儿💫 : 点亮粉丝团 x1 (钻石:1, repeatEnd=true)
[礼物] 章雷 : 小心心 x1 (钻石:1, repeatEnd=false)
[礼物] 章雷 : 小心心 x1 (钻石:1, repeatEnd=true)
